# JRE version: OpenJDK Runtime Environment (17.0.6) (build 17.0.6+0-b2043.56-9586694)
# Java VM: OpenJDK 64-Bit Server VM (17.0.6+0-b2043.56-9586694, mixed mode, tiered, compressed oops, compressed class ptrs, g1 gc, windows-amd64)
GC Precious Log:
 CPUs: 12 total, 12 available
 Memory: 7521M
 Large Page Support: Disabled
 NUMA Support: Disabled
 Compressed Oops: Enabled (32-bit)
 Heap Region Size: 1M
 Heap Min Capacity: 8M
 Heap Initial Capacity: 118M
 Heap Max Capacity: 2G
 Pre-touch: Disabled
 Parallel Workers: 10
 Concurrent Workers: 3
 Concurrent Refinement Workers: 10
 Periodic GC: Disabled
Heap:
 garbage-first heap   total 348160K, used 178512K [0x0000000080000000, 0x0000000100000000)
  region size 1024K, 3 young (3072K), 3 survivors (3072K)
 Metaspace       used 133278K, committed 134208K, reserved 1171456K
  class space    used 17916K, committed 18368K, reserved 1048576K
GC Heap History (20 events):
Event: 293.302 GC heap after
{Heap after GC invocations=59 (full 0):
 garbage-first heap   total 348160K, used 134753K [0x0000000080000000, 0x0000000100000000)
  region size 1024K, 21 young (21504K), 21 survivors (21504K)
 Metaspace       used 114603K, committed 115456K, reserved 1155072K
  class space    used 15260K, committed 15680K, reserved 1048576K
}
Event: 294.772 GC heap before
{Heap before GC invocations=59 (full 0):
 garbage-first heap   total 348160K, used 278113K [0x0000000080000000, 0x0000000100000000)
  region size 1024K, 162 young (165888K), 21 survivors (21504K)
 Metaspace       used 129985K, committed 130880K, reserved 1163264K
  class space    used 17600K, committed 18048K, reserved 1048576K
}
Event: 294.804 GC heap after
{Heap after GC invocations=60 (full 0):
 garbage-first heap   total 348160K, used 142010K [0x0000000080000000, 0x0000000100000000)
  region size 1024K, 8 young (8192K), 8 survivors (8192K)
 Metaspace       used 129985K, committed 130880K, reserved 1163264K
  class space    used 17600K, committed 18048K, reserved 1048576K
}
Event: 295.231 GC heap before
{Heap before GC invocations=60 (full 0):
 garbage-first heap   total 348160K, used 205498K [0x0000000080000000, 0x0000000100000000)
  region size 1024K, 35 young (35840K), 8 survivors (8192K)
 Metaspace       used 131702K, committed 132672K, reserved 1163264K
  class space    used 17839K, committed 18304K, reserved 1048576K
}
Event: 295.240 GC heap after
{Heap after GC invocations=61 (full 0):
 garbage-first heap   total 348160K, used 174909K [0x0000000080000000, 0x0000000100000000)
  region size 1024K, 6 young (6144K), 6 survivors (6144K)
 Metaspace       used 131702K, committed 132672K, reserved 1163264K
  class space    used 17839K, committed 18304K, reserved 1048576K
}
Event: 295.301 GC heap before
{Heap before GC invocations=61 (full 0):
 garbage-first heap   total 348160K, used 199485K [0x0000000080000000, 0x0000000100000000)
  region size 1024K, 7 young (7168K), 6 survivors (6144K)
 Metaspace       used 131702K, committed 132672K, reserved 1163264K
  class space    used 17839K, committed 18304K, reserved 1048576K
}
Event: 295.305 GC heap after
{Heap after GC invocations=62 (full 0):
 garbage-first heap   total 348160K, used 182942K [0x0000000080000000, 0x0000000100000000)
  region size 1024K, 6 young (6144K), 6 survivors (6144K)
 Metaspace       used 131702K, committed 132672K, reserved 1163264K
  class space    used 17839K, committed 18304K, reserved 1048576K
}
Event: 295.317 GC heap before
{Heap before GC invocations=62 (full 0):
 garbage-first heap   total 348160K, used 195230K [0x0000000080000000, 0x0000000100000000)
  region size 1024K, 7 young (7168K), 6 survivors (6144K)
 Metaspace       used 131702K, committed 132672K, reserved 1163264K
  class space    used 17839K, committed 18304K, reserved 1048576K
}
Event: 295.323 GC heap after
{Heap after GC invocations=63 (full 0):
 garbage-first heap   total 348160K, used 182896K [0x0000000080000000, 0x0000000100000000)
  region size 1024K, 6 young (6144K), 6 survivors (6144K)
 Metaspace       used 131702K, committed 132672K, reserved 1163264K
  class space    used 17839K, committed 18304K, reserved 1048576K
}
Event: 295.337 GC heap before
{Heap before GC invocations=63 (full 0):
 garbage-first heap   total 348160K, used 193136K [0x0000000080000000, 0x0000000100000000)
  region size 1024K, 7 young (7168K), 6 survivors (6144K)
 Metaspace       used 131702K, committed 132672K, reserved 1163264K
  class space    used 17839K, committed 18304K, reserved 1048576K
}
Event: 295.345 GC heap after
{Heap after GC invocations=64 (full 0):
 garbage-first heap   total 348160K, used 182790K [0x0000000080000000, 0x0000000100000000)
  region size 1024K, 6 young (6144K), 6 survivors (6144K)
 Metaspace       used 131702K, committed 132672K, reserved 1163264K
  class space    used 17839K, committed 18304K, reserved 1048576K
}
Event: 345.721 GC heap before
{Heap before GC invocations=64 (full 0):
 garbage-first heap   total 348160K, used 305670K [0x0000000080000000, 0x0000000100000000)
  region size 1024K, 123 young (125952K), 6 survivors (6144K)
 Metaspace       used 132398K, committed 133312K, reserved 1171456K
  class space    used 17894K, committed 18304K, reserved 1048576K
}
Event: 345.730 GC heap after
{Heap after GC invocations=65 (full 0):
 garbage-first heap   total 348160K, used 149828K [0x0000000080000000, 0x0000000100000000)
  region size 1024K, 15 young (15360K), 15 survivors (15360K)
 Metaspace       used 132398K, committed 133312K, reserved 1171456K
  class space    used 17894K, committed 18304K, reserved 1048576K
}
Event: 348.978 GC heap before
{Heap before GC invocations=65 (full 0):
 garbage-first heap   total 348160K, used 293188K [0x0000000080000000, 0x0000000100000000)
  region size 1024K, 155 young (158720K), 15 survivors (15360K)
 Metaspace       used 133261K, committed 134208K, reserved 1171456K
  class space    used 17916K, committed 18368K, reserved 1048576K
}
Event: 349.001 GC heap after
{Heap after GC invocations=66 (full 0):
 garbage-first heap   total 348160K, used 152537K [0x0000000080000000, 0x0000000100000000)
  region size 1024K, 3 young (3072K), 3 survivors (3072K)
 Metaspace       used 133261K, committed 134208K, reserved 1171456K
  class space    used 17916K, committed 18368K, reserved 1048576K
}
Event: 349.117 GC heap before
{Heap before GC invocations=66 (full 0):
 garbage-first heap   total 348160K, used 176089K [0x0000000080000000, 0x0000000100000000)
  region size 1024K, 11 young (11264K), 3 survivors (3072K)
 Metaspace       used 133276K, committed 134208K, reserved 1171456K
  class space    used 17916K, committed 18368K, reserved 1048576K
}
Event: 349.119 GC heap after
{Heap after GC invocations=67 (full 0):
 garbage-first heap   total 348160K, used 168552K [0x0000000080000000, 0x0000000100000000)
  region size 1024K, 3 young (3072K), 3 survivors (3072K)
 Metaspace       used 133276K, committed 134208K, reserved 1171456K
  class space    used 17916K, committed 18368K, reserved 1048576K
}
Event: 349.124 GC heap before
{Heap before GC invocations=67 (full 0):
 garbage-first heap   total 348160K, used 176744K [0x0000000080000000, 0x0000000100000000)
  region size 1024K, 4 young (4096K), 3 survivors (3072K)
 Metaspace       used 133278K, committed 134208K, reserved 1171456K
  class space    used 17916K, committed 18368K, reserved 1048576K
}
Event: 349.127 GC heap after
{Heap after GC invocations=68 (full 0):
 garbage-first heap   total 348160K, used 176643K [0x0000000080000000, 0x0000000100000000)
  region size 1024K, 3 young (3072K), 3 survivors (3072K)
 Metaspace       used 133278K, committed 134208K, reserved 1171456K
  class space    used 17916K, committed 18368K, reserved 1048576K
}
Event: 349.128 GC heap before
{Heap before GC invocations=68 (full 0):
 garbage-first heap   total 348160K, used 178691K [0x0000000080000000, 0x0000000100000000)
  region size 1024K, 4 young (4096K), 3 survivors (3072K)
 Metaspace       used 133278K, committed 134208K, reserved 1171456K
  class space    used 17916K, committed 18368K, reserved 1048576K
}

