# JRE version: OpenJDK Runtime Environment (17.0.6) (build 17.0.6+0-b2043.56-10027231)
# Java VM: OpenJDK 64-Bit Server VM (17.0.6+0-b2043.56-10027231, mixed mode, tiered, compressed oops, compressed class ptrs, g1 gc, windows-amd64)
GC Precious Log:
 CPUs: 12 total, 12 available
 Memory: 7521M
 Large Page Support: Disabled
 NUMA Support: Disabled
 Compressed Oops: Enabled (32-bit)
 Heap Region Size: 1M
 Heap Min Capacity: 8M
 Heap Initial Capacity: 118M
 Heap Max Capacity: 1882M
 Pre-touch: Disabled
 Parallel Workers: 10
 Concurrent Workers: 3
 Concurrent Refinement Workers: 10
 Periodic GC: Disabled
Heap:
 garbage-first heap   total 647168K, used 617169K [0x000000008a600000, 0x0000000100000000)
  region size 1024K, 14 young (14336K), 2 survivors (2048K)
 Metaspace       used 104832K, committed 105216K, reserved 1146880K
  class space    used 10762K, committed 10944K, reserved 1048576K
GC Heap History (20 events):
Event: 53.819 GC heap before
{Heap before GC invocations=109 (full 0):
 garbage-first heap   total 647168K, used 618260K [0x000000008a600000, 0x0000000100000000)
  region size 1024K, 31 young (31744K), 4 survivors (4096K)
 Metaspace       used 104816K, committed 105216K, reserved 1146880K
  class space    used 10762K, committed 10944K, reserved 1048576K
}
Event: 53.827 GC heap after
{Heap after GC invocations=110 (full 0):
 garbage-first heap   total 647168K, used 595614K [0x000000008a600000, 0x0000000100000000)
  region size 1024K, 4 young (4096K), 4 survivors (4096K)
 Metaspace       used 104816K, committed 105216K, reserved 1146880K
  class space    used 10762K, committed 10944K, reserved 1048576K
}
Event: 53.931 GC heap before
{Heap before GC invocations=110 (full 0):
 garbage-first heap   total 647168K, used 623262K [0x000000008a600000, 0x0000000100000000)
  region size 1024K, 31 young (31744K), 4 survivors (4096K)
 Metaspace       used 104820K, committed 105216K, reserved 1146880K
  class space    used 10762K, committed 10944K, reserved 1048576K
}
Event: 53.935 GC heap after
{Heap after GC invocations=111 (full 0):
 garbage-first heap   total 647168K, used 599661K [0x000000008a600000, 0x0000000100000000)
  region size 1024K, 4 young (4096K), 4 survivors (4096K)
 Metaspace       used 104820K, committed 105216K, reserved 1146880K
  class space    used 10762K, committed 10944K, reserved 1048576K
}
Event: 54.136 GC heap before
{Heap before GC invocations=111 (full 0):
 garbage-first heap   total 647168K, used 627309K [0x000000008a600000, 0x0000000100000000)
  region size 1024K, 31 young (31744K), 4 survivors (4096K)
 Metaspace       used 104820K, committed 105216K, reserved 1146880K
  class space    used 10762K, committed 10944K, reserved 1048576K
}
Event: 54.140 GC heap after
{Heap after GC invocations=112 (full 0):
 garbage-first heap   total 647168K, used 600884K [0x000000008a600000, 0x0000000100000000)
  region size 1024K, 2 young (2048K), 2 survivors (2048K)
 Metaspace       used 104820K, committed 105216K, reserved 1146880K
  class space    used 10762K, committed 10944K, reserved 1048576K
}
Event: 54.336 GC heap before
{Heap before GC invocations=112 (full 0):
 garbage-first heap   total 647168K, used 630580K [0x000000008a600000, 0x0000000100000000)
  region size 1024K, 31 young (31744K), 2 survivors (2048K)
 Metaspace       used 104820K, committed 105216K, reserved 1146880K
  class space    used 10762K, committed 10944K, reserved 1048576K
}
Event: 54.339 GC heap after
{Heap after GC invocations=113 (full 0):
 garbage-first heap   total 647168K, used 603030K [0x000000008a600000, 0x0000000100000000)
  region size 1024K, 4 young (4096K), 4 survivors (4096K)
 Metaspace       used 104820K, committed 105216K, reserved 1146880K
  class space    used 10762K, committed 10944K, reserved 1048576K
}
Event: 54.511 GC heap before
{Heap before GC invocations=113 (full 0):
 garbage-first heap   total 647168K, used 630678K [0x000000008a600000, 0x0000000100000000)
  region size 1024K, 31 young (31744K), 4 survivors (4096K)
 Metaspace       used 104825K, committed 105216K, reserved 1146880K
  class space    used 10762K, committed 10944K, reserved 1048576K
}
Event: 54.516 GC heap after
{Heap after GC invocations=114 (full 0):
 garbage-first heap   total 647168K, used 605282K [0x000000008a600000, 0x0000000100000000)
  region size 1024K, 4 young (4096K), 4 survivors (4096K)
 Metaspace       used 104825K, committed 105216K, reserved 1146880K
  class space    used 10762K, committed 10944K, reserved 1048576K
}
Event: 54.617 GC heap before
{Heap before GC invocations=114 (full 0):
 garbage-first heap   total 647168K, used 632930K [0x000000008a600000, 0x0000000100000000)
  region size 1024K, 31 young (31744K), 4 survivors (4096K)
 Metaspace       used 104825K, committed 105216K, reserved 1146880K
  class space    used 10762K, committed 10944K, reserved 1048576K
}
Event: 54.620 GC heap after
{Heap after GC invocations=115 (full 0):
 garbage-first heap   total 647168K, used 606634K [0x000000008a600000, 0x0000000100000000)
  region size 1024K, 3 young (3072K), 3 survivors (3072K)
 Metaspace       used 104825K, committed 105216K, reserved 1146880K
  class space    used 10762K, committed 10944K, reserved 1048576K
}
Event: 54.731 GC heap before
{Heap before GC invocations=115 (full 0):
 garbage-first heap   total 647168K, used 635306K [0x000000008a600000, 0x0000000100000000)
  region size 1024K, 31 young (31744K), 3 survivors (3072K)
 Metaspace       used 104825K, committed 105216K, reserved 1146880K
  class space    used 10762K, committed 10944K, reserved 1048576K
}
Event: 54.735 GC heap after
{Heap after GC invocations=116 (full 0):
 garbage-first heap   total 647168K, used 610277K [0x000000008a600000, 0x0000000100000000)
  region size 1024K, 4 young (4096K), 4 survivors (4096K)
 Metaspace       used 104825K, committed 105216K, reserved 1146880K
  class space    used 10762K, committed 10944K, reserved 1048576K
}
Event: 54.885 GC heap before
{Heap before GC invocations=116 (full 0):
 garbage-first heap   total 647168K, used 635877K [0x000000008a600000, 0x0000000100000000)
  region size 1024K, 30 young (30720K), 4 survivors (4096K)
 Metaspace       used 104827K, committed 105216K, reserved 1146880K
  class space    used 10762K, committed 10944K, reserved 1048576K
}
Event: 54.888 GC heap after
{Heap after GC invocations=117 (full 0):
 garbage-first heap   total 647168K, used 610886K [0x000000008a600000, 0x0000000100000000)
  region size 1024K, 3 young (3072K), 3 survivors (3072K)
 Metaspace       used 104827K, committed 105216K, reserved 1146880K
  class space    used 10762K, committed 10944K, reserved 1048576K
}
Event: 55.056 GC heap before
{Heap before GC invocations=117 (full 0):
 garbage-first heap   total 647168K, used 638534K [0x000000008a600000, 0x0000000100000000)
  region size 1024K, 31 young (31744K), 3 survivors (3072K)
 Metaspace       used 104830K, committed 105216K, reserved 1146880K
  class space    used 10762K, committed 10944K, reserved 1048576K
}
Event: 55.060 GC heap after
{Heap after GC invocations=118 (full 0):
 garbage-first heap   total 647168K, used 614283K [0x000000008a600000, 0x0000000100000000)
  region size 1024K, 4 young (4096K), 4 survivors (4096K)
 Metaspace       used 104830K, committed 105216K, reserved 1146880K
  class space    used 10762K, committed 10944K, reserved 1048576K
}
Event: 55.421 GC heap before
{Heap before GC invocations=118 (full 0):
 garbage-first heap   total 647168K, used 636811K [0x000000008a600000, 0x0000000100000000)
  region size 1024K, 27 young (27648K), 4 survivors (4096K)
 Metaspace       used 104832K, committed 105216K, reserved 1146880K
  class space    used 10762K, committed 10944K, reserved 1048576K
}
Event: 55.426 GC heap after
{Heap after GC invocations=119 (full 0):
 garbage-first heap   total 647168K, used 616145K [0x000000008a600000, 0x0000000100000000)
  region size 1024K, 2 young (2048K), 2 survivors (2048K)
 Metaspace       used 104832K, committed 105216K, reserved 1146880K
  class space    used 10762K, committed 10944K, reserved 1048576K
}

