# JRE version: OpenJDK Runtime Environment (17.0.6) (build 17.0.6+0-b2043.56-9586694)
# Java VM: OpenJDK 64-Bit Server VM (17.0.6+0-b2043.56-9586694, mixed mode, tiered, compressed oops, compressed class ptrs, g1 gc, windows-amd64)
GC Precious Log:
 CPUs: 12 total, 12 available
 Memory: 7521M
 Large Page Support: Disabled
 NUMA Support: Disabled
 Compressed Oops: Enabled (32-bit)
 Heap Region Size: 1M
 Heap Min Capacity: 8M
 Heap Initial Capacity: 118M
 Heap Max Capacity: 2G
 Pre-touch: Disabled
 Parallel Workers: 10
 Concurrent Workers: 3
 Concurrent Refinement Workers: 10
 Periodic GC: Disabled
Heap:
 garbage-first heap   total 245760K, used 149276K [0x0000000080000000, 0x0000000100000000)
  region size 1024K, 41 young (41984K), 6 survivors (6144K)
 Metaspace       used 125551K, committed 126336K, reserved 1163264K
  class space    used 17504K, committed 17856K, reserved 1048576K
GC Heap History (20 events):
Event: 12.178 GC heap before
{Heap before GC invocations=39 (full 0):
 garbage-first heap   total 188416K, used 146198K [0x0000000080000000, 0x0000000100000000)
  region size 1024K, 71 young (72704K), 10 survivors (10240K)
 Metaspace       used 97215K, committed 97856K, reserved 1138688K
  class space    used 13177K, committed 13504K, reserved 1048576K
}
Event: 12.187 GC heap after
{Heap after GC invocations=40 (full 0):
 garbage-first heap   total 188416K, used 92876K [0x0000000080000000, 0x0000000100000000)
  region size 1024K, 8 young (8192K), 8 survivors (8192K)
 Metaspace       used 97215K, committed 97856K, reserved 1138688K
  class space    used 13177K, committed 13504K, reserved 1048576K
}
Event: 12.612 GC heap before
{Heap before GC invocations=41 (full 0):
 garbage-first heap   total 188416K, used 148172K [0x0000000080000000, 0x0000000100000000)
  region size 1024K, 63 young (64512K), 8 survivors (8192K)
 Metaspace       used 97921K, committed 98624K, reserved 1138688K
  class space    used 13228K, committed 13568K, reserved 1048576K
}
Event: 12.618 GC heap after
{Heap after GC invocations=42 (full 0):
 garbage-first heap   total 188416K, used 96887K [0x0000000080000000, 0x0000000100000000)
  region size 1024K, 4 young (4096K), 4 survivors (4096K)
 Metaspace       used 97921K, committed 98624K, reserved 1138688K
  class space    used 13228K, committed 13568K, reserved 1048576K
}
Event: 12.665 GC heap before
{Heap before GC invocations=42 (full 0):
 garbage-first heap   total 188416K, used 100983K [0x0000000080000000, 0x0000000100000000)
  region size 1024K, 9 young (9216K), 4 survivors (4096K)
 Metaspace       used 97951K, committed 98624K, reserved 1138688K
  class space    used 13228K, committed 13568K, reserved 1048576K
}
Event: 12.667 GC heap after
{Heap after GC invocations=43 (full 0):
 garbage-first heap   total 188416K, used 97144K [0x0000000080000000, 0x0000000100000000)
  region size 1024K, 1 young (1024K), 1 survivors (1024K)
 Metaspace       used 97951K, committed 98624K, reserved 1138688K
  class space    used 13228K, committed 13568K, reserved 1048576K
}
Event: 13.271 GC heap before
{Heap before GC invocations=43 (full 0):
 garbage-first heap   total 188416K, used 151416K [0x0000000080000000, 0x0000000100000000)
  region size 1024K, 55 young (56320K), 1 survivors (1024K)
 Metaspace       used 103301K, committed 104000K, reserved 1138688K
  class space    used 13953K, committed 14272K, reserved 1048576K
}
Event: 13.274 GC heap after
{Heap after GC invocations=44 (full 0):
 garbage-first heap   total 188416K, used 100735K [0x0000000080000000, 0x0000000100000000)
  region size 1024K, 5 young (5120K), 5 survivors (5120K)
 Metaspace       used 103301K, committed 104000K, reserved 1138688K
  class space    used 13953K, committed 14272K, reserved 1048576K
}
Event: 15.197 GC heap before
{Heap before GC invocations=44 (full 0):
 garbage-first heap   total 188416K, used 152959K [0x0000000080000000, 0x0000000100000000)
  region size 1024K, 57 young (58368K), 5 survivors (5120K)
 Metaspace       used 106165K, committed 106880K, reserved 1146880K
  class space    used 14329K, committed 14656K, reserved 1048576K
}
Event: 15.208 GC heap after
{Heap after GC invocations=45 (full 0):
 garbage-first heap   total 188416K, used 104356K [0x0000000080000000, 0x0000000100000000)
  region size 1024K, 8 young (8192K), 8 survivors (8192K)
 Metaspace       used 106165K, committed 106880K, reserved 1146880K
  class space    used 14329K, committed 14656K, reserved 1048576K
}
Event: 23.670 GC heap before
{Heap before GC invocations=45 (full 0):
 garbage-first heap   total 188416K, used 153508K [0x0000000080000000, 0x0000000100000000)
  region size 1024K, 57 young (58368K), 8 survivors (8192K)
 Metaspace       used 108313K, committed 109120K, reserved 1146880K
  class space    used 14658K, committed 15040K, reserved 1048576K
}
Event: 23.677 GC heap after
{Heap after GC invocations=46 (full 0):
 garbage-first heap   total 188416K, used 107876K [0x0000000080000000, 0x0000000100000000)
  region size 1024K, 8 young (8192K), 8 survivors (8192K)
 Metaspace       used 108313K, committed 109120K, reserved 1146880K
  class space    used 14658K, committed 15040K, reserved 1048576K
}
Event: 24.056 GC heap before
{Heap before GC invocations=47 (full 0):
 garbage-first heap   total 204800K, used 153956K [0x0000000080000000, 0x0000000100000000)
  region size 1024K, 54 young (55296K), 8 survivors (8192K)
 Metaspace       used 114682K, committed 115456K, reserved 1155072K
  class space    used 15687K, committed 16064K, reserved 1048576K
}
Event: 24.061 GC heap after
{Heap after GC invocations=48 (full 0):
 garbage-first heap   total 204800K, used 111085K [0x0000000080000000, 0x0000000100000000)
  region size 1024K, 7 young (7168K), 7 survivors (7168K)
 Metaspace       used 114682K, committed 115456K, reserved 1155072K
  class space    used 15687K, committed 16064K, reserved 1048576K
}
Event: 24.069 GC heap before
{Heap before GC invocations=48 (full 0):
 garbage-first heap   total 204800K, used 114157K [0x0000000080000000, 0x0000000100000000)
  region size 1024K, 10 young (10240K), 7 survivors (7168K)
 Metaspace       used 114854K, committed 115648K, reserved 1155072K
  class space    used 15707K, committed 16064K, reserved 1048576K
}
Event: 24.073 GC heap after
{Heap after GC invocations=49 (full 0):
 garbage-first heap   total 245760K, used 111590K [0x0000000080000000, 0x0000000100000000)
  region size 1024K, 2 young (2048K), 2 survivors (2048K)
 Metaspace       used 114854K, committed 115648K, reserved 1155072K
  class space    used 15707K, committed 16064K, reserved 1048576K
}
Event: 24.456 GC heap before
{Heap before GC invocations=49 (full 0):
 garbage-first heap   total 245760K, used 200678K [0x0000000080000000, 0x0000000100000000)
  region size 1024K, 89 young (91136K), 2 survivors (2048K)
 Metaspace       used 122447K, committed 123264K, reserved 1155072K
  class space    used 17003K, committed 17408K, reserved 1048576K
}
Event: 24.459 GC heap after
{Heap after GC invocations=50 (full 0):
 garbage-first heap   total 245760K, used 113599K [0x0000000080000000, 0x0000000100000000)
  region size 1024K, 4 young (4096K), 4 survivors (4096K)
 Metaspace       used 122447K, committed 123264K, reserved 1155072K
  class space    used 17003K, committed 17408K, reserved 1048576K
}
Event: 24.721 GC heap before
{Heap before GC invocations=50 (full 0):
 garbage-first heap   total 245760K, used 201663K [0x0000000080000000, 0x0000000100000000)
  region size 1024K, 91 young (93184K), 4 survivors (4096K)
 Metaspace       used 124199K, committed 125056K, reserved 1163264K
  class space    used 17269K, committed 17664K, reserved 1048576K
}
Event: 24.725 GC heap after
{Heap after GC invocations=51 (full 0):
 garbage-first heap   total 245760K, used 115484K [0x0000000080000000, 0x0000000100000000)
  region size 1024K, 6 young (6144K), 6 survivors (6144K)
 Metaspace       used 124199K, committed 125056K, reserved 1163264K
  class space    used 17269K, committed 17664K, reserved 1048576K
}

