# JRE version: OpenJDK Runtime Environment (17.0.6) (build 17.0.6+0-b2043.56-9586694)
# Java VM: OpenJDK 64-Bit Server VM (17.0.6+0-b2043.56-9586694, mixed mode, tiered, compressed oops, compressed class ptrs, g1 gc, windows-amd64)
GC Precious Log:
 CPUs: 12 total, 12 available
 Memory: 7521M
 Large Page Support: Disabled
 NUMA Support: Disabled
 Compressed Oops: Enabled (32-bit)
 Heap Region Size: 1M
 Heap Min Capacity: 8M
 Heap Initial Capacity: 118M
 Heap Max Capacity: 1882M
 Pre-touch: Disabled
 Parallel Workers: 10
 Concurrent Workers: 3
 Concurrent Refinement Workers: 10
 Periodic GC: Disabled
Heap:
 garbage-first heap   total 242688K, used 116373K [0x000000008a600000, 0x0000000100000000)
  region size 1024K, 17 young (17408K), 13 survivors (13312K)
 Metaspace       used 77498K, committed 77824K, reserved 1122304K
  class space    used 8573K, committed 8704K, reserved 1048576K
GC Heap History (20 events):
Event: 4.903 GC heap before
{Heap before GC invocations=20 (full 0):
 garbage-first heap   total 113664K, used 61108K [0x000000008a600000, 0x0000000100000000)
  region size 1024K, 6 young (6144K), 5 survivors (5120K)
 Metaspace       used 61986K, committed 62336K, reserved 1105920K
  class space    used 7248K, committed 7424K, reserved 1048576K
}
Event: 4.909 GC heap after
{Heap after GC invocations=21 (full 0):
 garbage-first heap   total 113664K, used 60459K [0x000000008a600000, 0x0000000100000000)
  region size 1024K, 1 young (1024K), 1 survivors (1024K)
 Metaspace       used 61986K, committed 62336K, reserved 1105920K
  class space    used 7248K, committed 7424K, reserved 1048576K
}
Event: 4.928 GC heap before
{Heap before GC invocations=21 (full 0):
 garbage-first heap   total 113664K, used 62507K [0x000000008a600000, 0x0000000100000000)
  region size 1024K, 4 young (4096K), 1 survivors (1024K)
 Metaspace       used 62026K, committed 62336K, reserved 1105920K
  class space    used 7249K, committed 7424K, reserved 1048576K
}
Event: 4.930 GC heap after
{Heap after GC invocations=22 (full 0):
 garbage-first heap   total 113664K, used 60320K [0x000000008a600000, 0x0000000100000000)
  region size 1024K, 1 young (1024K), 1 survivors (1024K)
 Metaspace       used 62026K, committed 62336K, reserved 1105920K
  class space    used 7249K, committed 7424K, reserved 1048576K
}
Event: 5.236 GC heap before
{Heap before GC invocations=23 (full 0):
 garbage-first heap   total 124928K, used 88992K [0x000000008a600000, 0x0000000100000000)
  region size 1024K, 28 young (28672K), 1 survivors (1024K)
 Metaspace       used 63230K, committed 63552K, reserved 1105920K
  class space    used 7320K, committed 7488K, reserved 1048576K
}
Event: 5.242 GC heap after
{Heap after GC invocations=24 (full 0):
 garbage-first heap   total 124928K, used 63777K [0x000000008a600000, 0x0000000100000000)
  region size 1024K, 4 young (4096K), 4 survivors (4096K)
 Metaspace       used 63230K, committed 63552K, reserved 1105920K
  class space    used 7320K, committed 7488K, reserved 1048576K
}
Event: 5.275 GC heap before
{Heap before GC invocations=24 (full 0):
 garbage-first heap   total 124928K, used 65825K [0x000000008a600000, 0x0000000100000000)
  region size 1024K, 6 young (6144K), 4 survivors (4096K)
 Metaspace       used 63405K, committed 63744K, reserved 1105920K
  class space    used 7338K, committed 7488K, reserved 1048576K
}
Event: 5.282 GC heap after
{Heap after GC invocations=25 (full 0):
 garbage-first heap   total 124928K, used 63871K [0x000000008a600000, 0x0000000100000000)
  region size 1024K, 1 young (1024K), 1 survivors (1024K)
 Metaspace       used 63405K, committed 63744K, reserved 1105920K
  class space    used 7338K, committed 7488K, reserved 1048576K
}
Event: 5.752 GC heap before
{Heap before GC invocations=25 (full 0):
 garbage-first heap   total 124928K, used 97663K [0x000000008a600000, 0x0000000100000000)
  region size 1024K, 34 young (34816K), 1 survivors (1024K)
 Metaspace       used 65308K, committed 65664K, reserved 1114112K
  class space    used 7524K, committed 7680K, reserved 1048576K
}
Event: 5.761 GC heap after
{Heap after GC invocations=26 (full 0):
 garbage-first heap   total 249856K, used 69977K [0x000000008a600000, 0x0000000100000000)
  region size 1024K, 5 young (5120K), 5 survivors (5120K)
 Metaspace       used 65308K, committed 65664K, reserved 1114112K
  class space    used 7524K, committed 7680K, reserved 1048576K
}
Event: 7.060 GC heap before
{Heap before GC invocations=27 (full 0):
 garbage-first heap   total 242688K, used 171353K [0x000000008a600000, 0x0000000100000000)
  region size 1024K, 102 young (104448K), 5 survivors (5120K)
 Metaspace       used 67090K, committed 67456K, reserved 1114112K
  class space    used 7592K, committed 7744K, reserved 1048576K
}
Event: 7.071 GC heap after
{Heap after GC invocations=28 (full 0):
 garbage-first heap   total 242688K, used 81150K [0x000000008a600000, 0x0000000100000000)
  region size 1024K, 13 young (13312K), 13 survivors (13312K)
 Metaspace       used 67090K, committed 67456K, reserved 1114112K
  class space    used 7592K, committed 7744K, reserved 1048576K
}
Event: 7.089 GC heap before
{Heap before GC invocations=28 (full 0):
 garbage-first heap   total 242688K, used 82174K [0x000000008a600000, 0x0000000100000000)
  region size 1024K, 14 young (14336K), 13 survivors (13312K)
 Metaspace       used 67110K, committed 67456K, reserved 1114112K
  class space    used 7594K, committed 7744K, reserved 1048576K
}
Event: 7.094 GC heap after
{Heap after GC invocations=29 (full 0):
 garbage-first heap   total 242688K, used 82877K [0x000000008a600000, 0x0000000100000000)
  region size 1024K, 2 young (2048K), 2 survivors (2048K)
 Metaspace       used 67110K, committed 67456K, reserved 1114112K
  class space    used 7594K, committed 7744K, reserved 1048576K
}
Event: 8.160 GC heap before
{Heap before GC invocations=29 (full 0):
 garbage-first heap   total 242688K, used 177085K [0x000000008a600000, 0x0000000100000000)
  region size 1024K, 94 young (96256K), 2 survivors (2048K)
 Metaspace       used 67765K, committed 68032K, reserved 1114112K
  class space    used 7622K, committed 7744K, reserved 1048576K
}
Event: 8.168 GC heap after
{Heap after GC invocations=30 (full 0):
 garbage-first heap   total 242688K, used 88186K [0x000000008a600000, 0x0000000100000000)
  region size 1024K, 7 young (7168K), 7 survivors (7168K)
 Metaspace       used 67765K, committed 68032K, reserved 1114112K
  class space    used 7622K, committed 7744K, reserved 1048576K
}
Event: 9.482 GC heap before
{Heap before GC invocations=30 (full 0):
 garbage-first heap   total 242688K, used 182394K [0x000000008a600000, 0x0000000100000000)
  region size 1024K, 100 young (102400K), 7 survivors (7168K)
 Metaspace       used 75818K, committed 76096K, reserved 1122304K
  class space    used 8401K, committed 8512K, reserved 1048576K
}
Event: 9.494 GC heap after
{Heap after GC invocations=31 (full 0):
 garbage-first heap   total 242688K, used 99761K [0x000000008a600000, 0x0000000100000000)
  region size 1024K, 12 young (12288K), 12 survivors (12288K)
 Metaspace       used 75818K, committed 76096K, reserved 1122304K
  class space    used 8401K, committed 8512K, reserved 1048576K
}
Event: 10.265 GC heap before
{Heap before GC invocations=31 (full 0):
 garbage-first heap   total 242688K, used 187825K [0x000000008a600000, 0x0000000100000000)
  region size 1024K, 98 young (100352K), 12 survivors (12288K)
 Metaspace       used 77473K, committed 77760K, reserved 1122304K
  class space    used 8573K, committed 8704K, reserved 1048576K
}
Event: 10.283 GC heap after
{Heap after GC invocations=32 (full 0):
 garbage-first heap   total 242688K, used 113301K [0x000000008a600000, 0x0000000100000000)
  region size 1024K, 13 young (13312K), 13 survivors (13312K)
 Metaspace       used 77473K, committed 77760K, reserved 1122304K
  class space    used 8573K, committed 8704K, reserved 1048576K
}

