# JRE version: OpenJDK Runtime Environment (17.0.6) (build 17.0.6+0-b2043.56-9586694)
# Java VM: OpenJDK 64-Bit Server VM (17.0.6+0-b2043.56-9586694, mixed mode, tiered, compressed oops, compressed class ptrs, g1 gc, windows-amd64)
GC Precious Log:
 CPUs: 12 total, 12 available
 Memory: 7521M
 Large Page Support: Disabled
 NUMA Support: Disabled
 Compressed Oops: Enabled (32-bit)
 Heap Region Size: 1M
 Heap Min Capacity: 8M
 Heap Initial Capacity: 118M
 Heap Max Capacity: 2G
 Pre-touch: Disabled
 Parallel Workers: 10
 Concurrent Workers: 3
 Concurrent Refinement Workers: 10
 Periodic GC: Disabled
Heap:
 garbage-first heap   total 286720K, used 198529K [0x0000000080000000, 0x0000000100000000)
  region size 1024K, 68 young (69632K), 2 survivors (2048K)
 Metaspace       used 129574K, committed 130560K, reserved 1163264K
  class space    used 17696K, committed 18176K, reserved 1048576K
GC Heap History (20 events):
Event: 12.556 GC heap before
{Heap before GC invocations=33 (full 0):
 garbage-first heap   total 235520K, used 118907K [0x0000000080000000, 0x0000000100000000)
  region size 1024K, 11 young (11264K), 5 survivors (5120K)
 Metaspace       used 118651K, committed 119488K, reserved 1155072K
  class space    used 16630K, committed 17024K, reserved 1048576K
}
Event: 12.559 GC heap after
{Heap after GC invocations=34 (full 0):
 garbage-first heap   total 235520K, used 113595K [0x0000000080000000, 0x0000000100000000)
  region size 1024K, 1 young (1024K), 1 survivors (1024K)
 Metaspace       used 118651K, committed 119488K, reserved 1155072K
  class space    used 16630K, committed 17024K, reserved 1048576K
}
Event: 430.807 GC heap before
{Heap before GC invocations=34 (full 0):
 garbage-first heap   total 235520K, used 191419K [0x0000000080000000, 0x0000000100000000)
  region size 1024K, 78 young (79872K), 1 survivors (1024K)
 Metaspace       used 119849K, committed 120704K, reserved 1155072K
  class space    used 16684K, committed 17088K, reserved 1048576K
}
Event: 430.876 GC heap after
{Heap after GC invocations=35 (full 0):
 garbage-first heap   total 235520K, used 121523K [0x0000000080000000, 0x0000000100000000)
  region size 1024K, 9 young (9216K), 9 survivors (9216K)
 Metaspace       used 119849K, committed 120704K, reserved 1155072K
  class space    used 16684K, committed 17088K, reserved 1048576K
}
Event: 436.505 GC heap before
{Heap before GC invocations=36 (full 0):
 garbage-first heap   total 235520K, used 191155K [0x0000000080000000, 0x0000000100000000)
  region size 1024K, 78 young (79872K), 9 survivors (9216K)
 Metaspace       used 126645K, committed 127552K, reserved 1163264K
  class space    used 17572K, committed 17984K, reserved 1048576K
}
Event: 436.545 GC heap after
{Heap after GC invocations=37 (full 0):
 garbage-first heap   total 235520K, used 125259K [0x0000000080000000, 0x0000000100000000)
  region size 1024K, 4 young (4096K), 4 survivors (4096K)
 Metaspace       used 126645K, committed 127552K, reserved 1163264K
  class space    used 17572K, committed 17984K, reserved 1048576K
}
Event: 436.586 GC heap before
{Heap before GC invocations=37 (full 0):
 garbage-first heap   total 235520K, used 132427K [0x0000000080000000, 0x0000000100000000)
  region size 1024K, 11 young (11264K), 4 survivors (4096K)
 Metaspace       used 126758K, committed 127616K, reserved 1163264K
  class space    used 17575K, committed 17984K, reserved 1048576K
}
Event: 436.601 GC heap after
{Heap after GC invocations=38 (full 0):
 garbage-first heap   total 235520K, used 121021K [0x0000000080000000, 0x0000000100000000)
  region size 1024K, 2 young (2048K), 2 survivors (2048K)
 Metaspace       used 126758K, committed 127616K, reserved 1163264K
  class space    used 17575K, committed 17984K, reserved 1048576K
}
Event: 437.011 GC heap before
{Heap before GC invocations=38 (full 0):
 garbage-first heap   total 235520K, used 166077K [0x0000000080000000, 0x0000000100000000)
  region size 1024K, 48 young (49152K), 2 survivors (2048K)
 Metaspace       used 127362K, committed 128256K, reserved 1163264K
  class space    used 17596K, committed 18048K, reserved 1048576K
}
Event: 437.013 GC heap after
{Heap after GC invocations=39 (full 0):
 garbage-first heap   total 235520K, used 121716K [0x0000000080000000, 0x0000000100000000)
  region size 1024K, 3 young (3072K), 3 survivors (3072K)
 Metaspace       used 127362K, committed 128256K, reserved 1163264K
  class space    used 17596K, committed 18048K, reserved 1048576K
}
Event: 462.538 GC heap before
{Heap before GC invocations=40 (full 0):
 garbage-first heap   total 263168K, used 228212K [0x0000000080000000, 0x0000000100000000)
  region size 1024K, 75 young (76800K), 3 survivors (3072K)
 Metaspace       used 127834K, committed 128768K, reserved 1163264K
  class space    used 17619K, committed 18048K, reserved 1048576K
}
Event: 462.547 GC heap after
{Heap after GC invocations=41 (full 0):
 garbage-first heap   total 263168K, used 129890K [0x0000000080000000, 0x0000000100000000)
  region size 1024K, 10 young (10240K), 10 survivors (10240K)
 Metaspace       used 127834K, committed 128768K, reserved 1163264K
  class space    used 17619K, committed 18048K, reserved 1048576K
}
Event: 462.631 GC heap before
{Heap before GC invocations=41 (full 0):
 garbage-first heap   total 263168K, used 130914K [0x0000000080000000, 0x0000000100000000)
  region size 1024K, 12 young (12288K), 10 survivors (10240K)
 Metaspace       used 127841K, committed 128768K, reserved 1163264K
  class space    used 17619K, committed 18048K, reserved 1048576K
}
Event: 462.657 GC heap after
{Heap after GC invocations=42 (full 0):
 garbage-first heap   total 263168K, used 128095K [0x0000000080000000, 0x0000000100000000)
  region size 1024K, 1 young (1024K), 1 survivors (1024K)
 Metaspace       used 127841K, committed 128768K, reserved 1163264K
  class space    used 17619K, committed 18048K, reserved 1048576K
}
Event: 468.463 GC heap before
{Heap before GC invocations=42 (full 0):
 garbage-first heap   total 263168K, used 206943K [0x0000000080000000, 0x0000000100000000)
  region size 1024K, 80 young (81920K), 1 survivors (1024K)
 Metaspace       used 128476K, committed 129472K, reserved 1163264K
  class space    used 17638K, committed 18112K, reserved 1048576K
}
Event: 468.483 GC heap after
{Heap after GC invocations=43 (full 0):
 garbage-first heap   total 263168K, used 129128K [0x0000000080000000, 0x0000000100000000)
  region size 1024K, 2 young (2048K), 2 survivors (2048K)
 Metaspace       used 128476K, committed 129472K, reserved 1163264K
  class space    used 17638K, committed 18112K, reserved 1048576K
}
Event: 516.543 GC heap before
{Heap before GC invocations=44 (full 0):
 garbage-first heap   total 286720K, used 249960K [0x0000000080000000, 0x0000000100000000)
  region size 1024K, 88 young (90112K), 2 survivors (2048K)
 Metaspace       used 128996K, committed 130048K, reserved 1163264K
  class space    used 17691K, committed 18176K, reserved 1048576K
}
Event: 516.591 GC heap after
{Heap after GC invocations=45 (full 0):
 garbage-first heap   total 286720K, used 137891K [0x0000000080000000, 0x0000000100000000)
  region size 1024K, 11 young (11264K), 11 survivors (11264K)
 Metaspace       used 128996K, committed 130048K, reserved 1163264K
  class space    used 17691K, committed 18176K, reserved 1048576K
}
Event: 520.608 GC heap before
{Heap before GC invocations=45 (full 0):
 garbage-first heap   total 286720K, used 140963K [0x0000000080000000, 0x0000000100000000)
  region size 1024K, 14 young (14336K), 11 survivors (11264K)
 Metaspace       used 129017K, committed 130048K, reserved 1163264K
  class space    used 17693K, committed 18176K, reserved 1048576K
}
Event: 520.678 GC heap after
{Heap after GC invocations=46 (full 0):
 garbage-first heap   total 286720K, used 132993K [0x0000000080000000, 0x0000000100000000)
  region size 1024K, 2 young (2048K), 2 survivors (2048K)
 Metaspace       used 129017K, committed 130048K, reserved 1163264K
  class space    used 17693K, committed 18176K, reserved 1048576K
}

