# JRE version: OpenJDK Runtime Environment (17.0.6) (build 17.0.6+0-b2043.56-9586694)
# Java VM: OpenJDK 64-Bit Server VM (17.0.6+0-b2043.56-9586694, mixed mode, tiered, compressed oops, compressed class ptrs, g1 gc, windows-amd64)
GC Precious Log:
 CPUs: 12 total, 12 available
 Memory: 7521M
 Large Page Support: Disabled
 NUMA Support: Disabled
 Compressed Oops: Enabled (32-bit)
 Heap Region Size: 1M
 Heap Min Capacity: 8M
 Heap Initial Capacity: 118M
 Heap Max Capacity: 1882M
 Pre-touch: Disabled
 Parallel Workers: 10
 Concurrent Workers: 3
 Concurrent Refinement Workers: 10
 Periodic GC: Disabled
Heap:
 garbage-first heap   total 108544K, used 76248K [0x000000008a600000, 0x0000000100000000)
  region size 1024K, 30 young (30720K), 5 survivors (5120K)
 Metaspace       used 59058K, committed 59328K, reserved 1105920K
  class space    used 6973K, committed 7104K, reserved 1048576K
GC Heap History (20 events):
Event: 1.121 GC heap before
{Heap before GC invocations=2 (full 0):
 garbage-first heap   total 120832K, used 12140K [0x000000008a600000, 0x0000000100000000)
  region size 1024K, 6 young (6144K), 4 survivors (4096K)
 Metaspace       used 21311K, committed 21504K, reserved 1073152K
  class space    used 2325K, committed 2432K, reserved 1048576K
}
Event: 1.126 GC heap after
{Heap after GC invocations=3 (full 0):
 garbage-first heap   total 120832K, used 11369K [0x000000008a600000, 0x0000000100000000)
  region size 1024K, 4 young (4096K), 4 survivors (4096K)
 Metaspace       used 21311K, committed 21504K, reserved 1073152K
  class space    used 2325K, committed 2432K, reserved 1048576K
}
Event: 1.385 GC heap before
{Heap before GC invocations=4 (full 0):
 garbage-first heap   total 45056K, used 34921K [0x000000008a600000, 0x0000000100000000)
  region size 1024K, 24 young (24576K), 4 survivors (4096K)
 Metaspace       used 27483K, committed 27712K, reserved 1073152K
  class space    used 3025K, committed 3136K, reserved 1048576K
}
Event: 1.391 GC heap after
{Heap after GC invocations=5 (full 0):
 garbage-first heap   total 45056K, used 17238K [0x000000008a600000, 0x0000000100000000)
  region size 1024K, 6 young (6144K), 6 survivors (6144K)
 Metaspace       used 27483K, committed 27712K, reserved 1073152K
  class space    used 3025K, committed 3136K, reserved 1048576K
}
Event: 1.398 GC heap before
{Heap before GC invocations=5 (full 0):
 garbage-first heap   total 45056K, used 18262K [0x000000008a600000, 0x0000000100000000)
  region size 1024K, 7 young (7168K), 6 survivors (6144K)
 Metaspace       used 27768K, committed 27968K, reserved 1081344K
  class space    used 3054K, committed 3136K, reserved 1048576K
}
Event: 1.403 GC heap after
{Heap after GC invocations=6 (full 0):
 garbage-first heap   total 45056K, used 17791K [0x000000008a600000, 0x0000000100000000)
  region size 1024K, 1 young (1024K), 1 survivors (1024K)
 Metaspace       used 27768K, committed 27968K, reserved 1081344K
  class space    used 3054K, committed 3136K, reserved 1048576K
}
Event: 1.581 GC heap before
{Heap before GC invocations=6 (full 0):
 garbage-first heap   total 45056K, used 33151K [0x000000008a600000, 0x0000000100000000)
  region size 1024K, 17 young (17408K), 1 survivors (1024K)
 Metaspace       used 31851K, committed 32064K, reserved 1081344K
  class space    used 3865K, committed 3968K, reserved 1048576K
}
Event: 1.584 GC heap after
{Heap after GC invocations=7 (full 0):
 garbage-first heap   total 90112K, used 18984K [0x000000008a600000, 0x0000000100000000)
  region size 1024K, 3 young (3072K), 3 survivors (3072K)
 Metaspace       used 31851K, committed 32064K, reserved 1081344K
  class space    used 3865K, committed 3968K, reserved 1048576K
}
Event: 1.824 GC heap before
{Heap before GC invocations=7 (full 0):
 garbage-first heap   total 90112K, used 47656K [0x000000008a600000, 0x0000000100000000)
  region size 1024K, 30 young (30720K), 3 survivors (3072K)
 Metaspace       used 35804K, committed 35968K, reserved 1081344K
  class space    used 4493K, committed 4544K, reserved 1048576K
}
Event: 1.832 GC heap after
{Heap after GC invocations=8 (full 0):
 garbage-first heap   total 90112K, used 26321K [0x000000008a600000, 0x0000000100000000)
  region size 1024K, 7 young (7168K), 7 survivors (7168K)
 Metaspace       used 35804K, committed 35968K, reserved 1081344K
  class space    used 4493K, committed 4544K, reserved 1048576K
}
Event: 2.184 GC heap before
{Heap before GC invocations=9 (full 0):
 garbage-first heap   total 90112K, used 64209K [0x000000008a600000, 0x0000000100000000)
  region size 1024K, 44 young (45056K), 7 survivors (7168K)
 Metaspace       used 42497K, committed 42752K, reserved 1089536K
  class space    used 5181K, committed 5312K, reserved 1048576K
}
Event: 2.193 GC heap after
{Heap after GC invocations=10 (full 0):
 garbage-first heap   total 90112K, used 29131K [0x000000008a600000, 0x0000000100000000)
  region size 1024K, 5 young (5120K), 5 survivors (5120K)
 Metaspace       used 42497K, committed 42752K, reserved 1089536K
  class space    used 5181K, committed 5312K, reserved 1048576K
}
Event: 2.631 GC heap before
{Heap before GC invocations=10 (full 0):
 garbage-first heap   total 90112K, used 65995K [0x000000008a600000, 0x0000000100000000)
  region size 1024K, 39 young (39936K), 5 survivors (5120K)
 Metaspace       used 49737K, committed 49984K, reserved 1097728K
  class space    used 6015K, committed 6144K, reserved 1048576K
}
Event: 2.639 GC heap after
{Heap after GC invocations=11 (full 0):
 garbage-first heap   total 90112K, used 35785K [0x000000008a600000, 0x0000000100000000)
  region size 1024K, 5 young (5120K), 5 survivors (5120K)
 Metaspace       used 49737K, committed 49984K, reserved 1097728K
  class space    used 6015K, committed 6144K, reserved 1048576K
}
Event: 2.908 GC heap before
{Heap before GC invocations=11 (full 0):
 garbage-first heap   total 90112K, used 68553K [0x000000008a600000, 0x0000000100000000)
  region size 1024K, 36 young (36864K), 5 survivors (5120K)
 Metaspace       used 53146K, committed 53440K, reserved 1097728K
  class space    used 6365K, committed 6528K, reserved 1048576K
}
Event: 2.919 GC heap after
{Heap after GC invocations=12 (full 0):
 garbage-first heap   total 108544K, used 41822K [0x000000008a600000, 0x0000000100000000)
  region size 1024K, 5 young (5120K), 5 survivors (5120K)
 Metaspace       used 53146K, committed 53440K, reserved 1097728K
  class space    used 6365K, committed 6528K, reserved 1048576K
}
Event: 3.180 GC heap before
{Heap before GC invocations=12 (full 0):
 garbage-first heap   total 108544K, used 78686K [0x000000008a600000, 0x0000000100000000)
  region size 1024K, 41 young (41984K), 5 survivors (5120K)
 Metaspace       used 56481K, committed 56768K, reserved 1105920K
  class space    used 6813K, committed 6976K, reserved 1048576K
}
Event: 3.189 GC heap after
{Heap after GC invocations=13 (full 0):
 garbage-first heap   total 108544K, used 45004K [0x000000008a600000, 0x0000000100000000)
  region size 1024K, 3 young (3072K), 3 survivors (3072K)
 Metaspace       used 56481K, committed 56768K, reserved 1105920K
  class space    used 6813K, committed 6976K, reserved 1048576K
}
Event: 3.627 GC heap before
{Heap before GC invocations=13 (full 0):
 garbage-first heap   total 108544K, used 81868K [0x000000008a600000, 0x0000000100000000)
  region size 1024K, 39 young (39936K), 3 survivors (3072K)
 Metaspace       used 58041K, committed 58368K, reserved 1105920K
  class space    used 6888K, committed 7040K, reserved 1048576K
}
Event: 3.638 GC heap after
{Heap after GC invocations=14 (full 0):
 garbage-first heap   total 108544K, used 51672K [0x000000008a600000, 0x0000000100000000)
  region size 1024K, 5 young (5120K), 5 survivors (5120K)
 Metaspace       used 58041K, committed 58368K, reserved 1105920K
  class space    used 6888K, committed 7040K, reserved 1048576K
}

