# JRE version: OpenJDK Runtime Environment (17.0.7) (build 17.0.7+0-b2043.56-10550314)
# Java VM: OpenJDK 64-Bit Server VM (17.0.7+0-b2043.56-10550314, mixed mode, tiered, compressed oops, compressed class ptrs, g1 gc, windows-amd64)
GC Precious Log:
 CPUs: 12 total, 12 available
 Memory: 7521M
 Large Page Support: Disabled
 NUMA Support: Disabled
 Compressed Oops: Enabled (32-bit)
 Heap Region Size: 1M
 Heap Min Capacity: 8M
 Heap Initial Capacity: 118M
 Heap Max Capacity: 2G
 Pre-touch: Disabled
 Parallel Workers: 10
 Concurrent Workers: 3
 Concurrent Refinement Workers: 10
 Periodic GC: Disabled
Heap:
 garbage-first heap   total 206848K, used 114424K [0x0000000080000000, 0x0000000100000000)
  region size 1024K, 7 young (7168K), 7 survivors (7168K)
 Metaspace       used 94244K, committed 94976K, reserved 1179648K
  class space    used 12750K, committed 13120K, reserved 1048576K
GC Heap History (20 events):
Event: 11.243 GC heap after
{Heap after GC invocations=25 (full 0):
 garbage-first heap   total 101376K, used 66611K [0x0000000080000000, 0x0000000100000000)
  region size 1024K, 1 young (1024K), 1 survivors (1024K)
 Metaspace       used 63994K, committed 64576K, reserved 1114112K
  class space    used 8407K, committed 8640K, reserved 1048576K
}
Event: 11.611 GC heap before
{Heap before GC invocations=25 (full 0):
 garbage-first heap   total 101376K, used 81971K [0x0000000080000000, 0x0000000100000000)
  region size 1024K, 16 young (16384K), 1 survivors (1024K)
 Metaspace       used 65682K, committed 66176K, reserved 1114112K
  class space    used 8618K, committed 8832K, reserved 1048576K
}
Event: 11.614 GC heap after
{Heap after GC invocations=26 (full 0):
 garbage-first heap   total 206848K, used 67334K [0x0000000080000000, 0x0000000100000000)
  region size 1024K, 2 young (2048K), 2 survivors (2048K)
 Metaspace       used 65682K, committed 66176K, reserved 1114112K
  class space    used 8618K, committed 8832K, reserved 1048576K
}
Event: 12.897 GC heap before
{Heap before GC invocations=27 (full 0):
 garbage-first heap   total 206848K, used 141062K [0x0000000080000000, 0x0000000100000000)
  region size 1024K, 77 young (78848K), 2 survivors (2048K)
 Metaspace       used 71951K, committed 72576K, reserved 1114112K
  class space    used 9460K, committed 9728K, reserved 1048576K
}
Event: 12.903 GC heap after
{Heap after GC invocations=28 (full 0):
 garbage-first heap   total 206848K, used 69954K [0x0000000080000000, 0x0000000100000000)
  region size 1024K, 8 young (8192K), 8 survivors (8192K)
 Metaspace       used 71951K, committed 72576K, reserved 1114112K
  class space    used 9460K, committed 9728K, reserved 1048576K
}
Event: 12.917 GC heap before
{Heap before GC invocations=28 (full 0):
 garbage-first heap   total 206848K, used 72002K [0x0000000080000000, 0x0000000100000000)
  region size 1024K, 10 young (10240K), 8 survivors (8192K)
 Metaspace       used 71951K, committed 72576K, reserved 1114112K
  class space    used 9460K, committed 9728K, reserved 1048576K
}
Event: 12.921 GC heap after
{Heap after GC invocations=29 (full 0):
 garbage-first heap   total 206848K, used 69421K [0x0000000080000000, 0x0000000100000000)
  region size 1024K, 1 young (1024K), 1 survivors (1024K)
 Metaspace       used 71951K, committed 72576K, reserved 1114112K
  class space    used 9460K, committed 9728K, reserved 1048576K
}
Event: 14.084 GC heap before
{Heap before GC invocations=29 (full 0):
 garbage-first heap   total 206848K, used 151341K [0x0000000080000000, 0x0000000100000000)
  region size 1024K, 81 young (82944K), 1 survivors (1024K)
 Metaspace       used 78758K, committed 79296K, reserved 1179648K
  class space    used 10582K, committed 10816K, reserved 1048576K
}
Event: 14.089 GC heap after
{Heap after GC invocations=30 (full 0):
 garbage-first heap   total 206848K, used 75102K [0x0000000080000000, 0x0000000100000000)
  region size 1024K, 6 young (6144K), 6 survivors (6144K)
 Metaspace       used 78758K, committed 79296K, reserved 1179648K
  class space    used 10582K, committed 10816K, reserved 1048576K
}
Event: 15.421 GC heap before
{Heap before GC invocations=30 (full 0):
 garbage-first heap   total 206848K, used 157022K [0x0000000080000000, 0x0000000100000000)
  region size 1024K, 86 young (88064K), 6 survivors (6144K)
 Metaspace       used 87732K, committed 88384K, reserved 1179648K
  class space    used 11882K, committed 12160K, reserved 1048576K
}
Event: 15.430 GC heap after
{Heap after GC invocations=31 (full 0):
 garbage-first heap   total 206848K, used 82098K [0x0000000080000000, 0x0000000100000000)
  region size 1024K, 7 young (7168K), 7 survivors (7168K)
 Metaspace       used 87732K, committed 88384K, reserved 1179648K
  class space    used 11882K, committed 12160K, reserved 1048576K
}
Event: 16.009 GC heap before
{Heap before GC invocations=31 (full 0):
 garbage-first heap   total 206848K, used 159922K [0x0000000080000000, 0x0000000100000000)
  region size 1024K, 83 young (84992K), 7 survivors (7168K)
 Metaspace       used 89571K, committed 90176K, reserved 1179648K
  class space    used 12133K, committed 12416K, reserved 1048576K
}
Event: 16.019 GC heap after
{Heap after GC invocations=32 (full 0):
 garbage-first heap   total 206848K, used 93184K [0x0000000080000000, 0x0000000100000000)
  region size 1024K, 11 young (11264K), 11 survivors (11264K)
 Metaspace       used 89571K, committed 90176K, reserved 1179648K
  class space    used 12133K, committed 12416K, reserved 1048576K
}
Event: 17.187 GC heap before
{Heap before GC invocations=32 (full 0):
 garbage-first heap   total 206848K, used 160768K [0x0000000080000000, 0x0000000100000000)
  region size 1024K, 78 young (79872K), 11 survivors (11264K)
 Metaspace       used 93645K, committed 94400K, reserved 1179648K
  class space    used 12700K, committed 13056K, reserved 1048576K
}
Event: 17.199 GC heap after
{Heap after GC invocations=33 (full 0):
 garbage-first heap   total 206848K, used 103424K [0x0000000080000000, 0x0000000100000000)
  region size 1024K, 10 young (10240K), 10 survivors (10240K)
 Metaspace       used 93645K, committed 94400K, reserved 1179648K
  class space    used 12700K, committed 13056K, reserved 1048576K
}
Event: 17.564 GC heap before
{Heap before GC invocations=33 (full 0):
 garbage-first heap   total 206848K, used 161792K [0x0000000080000000, 0x0000000100000000)
  region size 1024K, 68 young (69632K), 10 survivors (10240K)
 Metaspace       used 94011K, committed 94784K, reserved 1179648K
  class space    used 12749K, committed 13120K, reserved 1048576K
}
Event: 17.572 GC heap after
{Heap after GC invocations=34 (full 0):
 garbage-first heap   total 206848K, used 110325K [0x0000000080000000, 0x0000000100000000)
  region size 1024K, 8 young (8192K), 8 survivors (8192K)
 Metaspace       used 94011K, committed 94784K, reserved 1179648K
  class space    used 12749K, committed 13120K, reserved 1048576K
}
Event: 17.824 GC heap before
{Heap before GC invocations=34 (full 0):
 garbage-first heap   total 206848K, used 164597K [0x0000000080000000, 0x0000000100000000)
  region size 1024K, 61 young (62464K), 8 survivors (8192K)
 Metaspace       used 94129K, committed 94912K, reserved 1179648K
  class space    used 12750K, committed 13120K, reserved 1048576K
}
Event: 17.834 GC heap after
{Heap after GC invocations=35 (full 0):
 garbage-first heap   total 206848K, used 112495K [0x0000000080000000, 0x0000000100000000)
  region size 1024K, 5 young (5120K), 5 survivors (5120K)
 Metaspace       used 94129K, committed 94912K, reserved 1179648K
  class space    used 12750K, committed 13120K, reserved 1048576K
}
Event: 18.160 GC heap before
{Heap before GC invocations=35 (full 0):
 garbage-first heap   total 206848K, used 166767K [0x0000000080000000, 0x0000000100000000)
  region size 1024K, 58 young (59392K), 5 survivors (5120K)
 Metaspace       used 94244K, committed 94976K, reserved 1179648K
  class space    used 12750K, committed 13120K, reserved 1048576K
}

