# JRE version: OpenJDK Runtime Environment (17.0.6) (build 17.0.6+0-b2043.56-9586694)
# Java VM: OpenJDK 64-Bit Server VM (17.0.6+0-b2043.56-9586694, mixed mode, tiered, compressed oops, compressed class ptrs, g1 gc, windows-amd64)
GC Precious Log:
 CPUs: 12 total, 12 available
 Memory: 7521M
 Large Page Support: Disabled
 NUMA Support: Disabled
 Compressed Oops: Enabled (32-bit)
 Heap Region Size: 1M
 Heap Min Capacity: 8M
 Heap Initial Capacity: 118M
 Heap Max Capacity: 1882M
 Pre-touch: Disabled
 Parallel Workers: 10
 Concurrent Workers: 3
 Concurrent Refinement Workers: 10
 Periodic GC: Disabled
Heap:
 garbage-first heap   total 242688K, used 156576K [0x000000008a600000, 0x0000000100000000)
  region size 1024K, 13 young (13312K), 4 survivors (4096K)
 Metaspace       used 89057K, committed 89408K, reserved 1130496K
  class space    used 9632K, committed 9792K, reserved 1048576K
GC Heap History (20 events):
Event: 5.737 GC heap before
{Heap before GC invocations=24 (full 0):
 garbage-first heap   total 121856K, used 96250K [0x000000008a600000, 0x0000000100000000)
  region size 1024K, 31 young (31744K), 1 survivors (1024K)
 Metaspace       used 65720K, committed 65984K, reserved 1114112K
  class space    used 7573K, committed 7680K, reserved 1048576K
}
Event: 5.746 GC heap after
{Heap after GC invocations=25 (full 0):
 garbage-first heap   total 285696K, used 70483K [0x000000008a600000, 0x0000000100000000)
  region size 1024K, 4 young (4096K), 4 survivors (4096K)
 Metaspace       used 65720K, committed 65984K, reserved 1114112K
  class space    used 7573K, committed 7680K, reserved 1048576K
}
Event: 7.414 GC heap before
{Heap before GC invocations=26 (full 0):
 garbage-first heap   total 242688K, used 206675K [0x000000008a600000, 0x0000000100000000)
  region size 1024K, 135 young (138240K), 4 survivors (4096K)
 Metaspace       used 67446K, committed 67776K, reserved 1114112K
  class space    used 7610K, committed 7744K, reserved 1048576K
}
Event: 7.426 GC heap after
{Heap after GC invocations=27 (full 0):
 garbage-first heap   total 242688K, used 84466K [0x000000008a600000, 0x0000000100000000)
  region size 1024K, 16 young (16384K), 16 survivors (16384K)
 Metaspace       used 67446K, committed 67776K, reserved 1114112K
  class space    used 7610K, committed 7744K, reserved 1048576K
}
Event: 7.438 GC heap before
{Heap before GC invocations=27 (full 0):
 garbage-first heap   total 242688K, used 85490K [0x000000008a600000, 0x0000000100000000)
  region size 1024K, 17 young (17408K), 16 survivors (16384K)
 Metaspace       used 67451K, committed 67776K, reserved 1114112K
  class space    used 7610K, committed 7744K, reserved 1048576K
}
Event: 7.447 GC heap after
{Heap after GC invocations=28 (full 0):
 garbage-first heap   total 242688K, used 84089K [0x000000008a600000, 0x0000000100000000)
  region size 1024K, 1 young (1024K), 1 survivors (1024K)
 Metaspace       used 67451K, committed 67776K, reserved 1114112K
  class space    used 7610K, committed 7744K, reserved 1048576K
}
Event: 8.432 GC heap before
{Heap before GC invocations=28 (full 0):
 garbage-first heap   total 242688K, used 183417K [0x000000008a600000, 0x0000000100000000)
  region size 1024K, 98 young (100352K), 1 survivors (1024K)
 Metaspace       used 69860K, committed 70144K, reserved 1114112K
  class space    used 7815K, committed 7936K, reserved 1048576K
}
Event: 8.437 GC heap after
{Heap after GC invocations=29 (full 0):
 garbage-first heap   total 242688K, used 89593K [0x000000008a600000, 0x0000000100000000)
  region size 1024K, 6 young (6144K), 6 survivors (6144K)
 Metaspace       used 69860K, committed 70144K, reserved 1114112K
  class space    used 7815K, committed 7936K, reserved 1048576K
}
Event: 9.494 GC heap before
{Heap before GC invocations=29 (full 0):
 garbage-first heap   total 242688K, used 188921K [0x000000008a600000, 0x0000000100000000)
  region size 1024K, 103 young (105472K), 6 survivors (6144K)
 Metaspace       used 77161K, committed 77504K, reserved 1122304K
  class space    used 8550K, committed 8704K, reserved 1048576K
}
Event: 9.507 GC heap after
{Heap after GC invocations=30 (full 0):
 garbage-first heap   total 242688K, used 104855K [0x000000008a600000, 0x0000000100000000)
  region size 1024K, 13 young (13312K), 13 survivors (13312K)
 Metaspace       used 77161K, committed 77504K, reserved 1122304K
  class space    used 8550K, committed 8704K, reserved 1048576K
}
Event: 10.046 GC heap before
{Heap before GC invocations=30 (full 0):
 garbage-first heap   total 242688K, used 188823K [0x000000008a600000, 0x0000000100000000)
  region size 1024K, 95 young (97280K), 13 survivors (13312K)
 Metaspace       used 77754K, committed 78080K, reserved 1122304K
  class space    used 8579K, committed 8704K, reserved 1048576K
}
Event: 10.071 GC heap after
{Heap after GC invocations=31 (full 0):
 garbage-first heap   total 242688K, used 132436K [0x000000008a600000, 0x0000000100000000)
  region size 1024K, 12 young (12288K), 12 survivors (12288K)
 Metaspace       used 77754K, committed 78080K, reserved 1122304K
  class space    used 8579K, committed 8704K, reserved 1048576K
}
Event: 10.459 GC heap before
{Heap before GC invocations=31 (full 0):
 garbage-first heap   total 242688K, used 182612K [0x000000008a600000, 0x0000000100000000)
  region size 1024K, 61 young (62464K), 12 survivors (12288K)
 Metaspace       used 80130K, committed 80512K, reserved 1122304K
  class space    used 8842K, committed 9024K, reserved 1048576K
}
Event: 10.469 GC heap after
{Heap after GC invocations=32 (full 0):
 garbage-first heap   total 242688K, used 140115K [0x000000008a600000, 0x0000000100000000)
  region size 1024K, 6 young (6144K), 6 survivors (6144K)
 Metaspace       used 80130K, committed 80512K, reserved 1122304K
  class space    used 8842K, committed 9024K, reserved 1048576K
}
Event: 10.953 GC heap before
{Heap before GC invocations=32 (full 0):
 garbage-first heap   total 242688K, used 189267K [0x000000008a600000, 0x0000000100000000)
  region size 1024K, 54 young (55296K), 6 survivors (6144K)
 Metaspace       used 86527K, committed 86912K, reserved 1130496K
  class space    used 9506K, committed 9664K, reserved 1048576K
}
Event: 10.959 GC heap after
{Heap after GC invocations=33 (full 0):
 garbage-first heap   total 242688K, used 145007K [0x000000008a600000, 0x0000000100000000)
  region size 1024K, 5 young (5120K), 5 survivors (5120K)
 Metaspace       used 86527K, committed 86912K, reserved 1130496K
  class space    used 9506K, committed 9664K, reserved 1048576K
}
Event: 11.389 GC heap before
{Heap before GC invocations=33 (full 0):
 garbage-first heap   total 242688K, used 192111K [0x000000008a600000, 0x0000000100000000)
  region size 1024K, 51 young (52224K), 5 survivors (5120K)
 Metaspace       used 88410K, committed 88768K, reserved 1130496K
  class space    used 9630K, committed 9792K, reserved 1048576K
}
Event: 11.394 GC heap after
{Heap after GC invocations=34 (full 0):
 garbage-first heap   total 242688K, used 146279K [0x000000008a600000, 0x0000000100000000)
  region size 1024K, 6 young (6144K), 6 survivors (6144K)
 Metaspace       used 88410K, committed 88768K, reserved 1130496K
  class space    used 9630K, committed 9792K, reserved 1048576K
}
Event: 11.763 GC heap before
{Heap before GC invocations=34 (full 0):
 garbage-first heap   total 242688K, used 195431K [0x000000008a600000, 0x0000000100000000)
  region size 1024K, 54 young (55296K), 6 survivors (6144K)
 Metaspace       used 88966K, committed 89344K, reserved 1130496K
  class space    used 9632K, committed 9792K, reserved 1048576K
}
Event: 11.771 GC heap after
{Heap after GC invocations=35 (full 0):
 garbage-first heap   total 242688K, used 148384K [0x000000008a600000, 0x0000000100000000)
  region size 1024K, 4 young (4096K), 4 survivors (4096K)
 Metaspace       used 88966K, committed 89344K, reserved 1130496K
  class space    used 9632K, committed 9792K, reserved 1048576K
}

