# JRE version: OpenJDK Runtime Environment (17.0.6) (build 17.0.6+0-b2043.56-9586694)
# Java VM: OpenJDK 64-Bit Server VM (17.0.6+0-b2043.56-9586694, mixed mode, tiered, compressed oops, compressed class ptrs, g1 gc, windows-amd64)
GC Precious Log:
 CPUs: 12 total, 12 available
 Memory: 7521M
 Large Page Support: Disabled
 NUMA Support: Disabled
 Compressed Oops: Enabled (32-bit)
 Heap Region Size: 1M
 Heap Min Capacity: 8M
 Heap Initial Capacity: 118M
 Heap Max Capacity: 1882M
 Pre-touch: Disabled
 Parallel Workers: 10
 Concurrent Workers: 3
 Concurrent Refinement Workers: 10
 Periodic GC: Disabled
Heap:
 garbage-first heap   total 237568K, used 143443K [0x000000008a600000, 0x0000000100000000)
  region size 1024K, 4 young (4096K), 4 survivors (4096K)
 Metaspace       used 84695K, committed 85056K, reserved 1130496K
  class space    used 9318K, committed 9472K, reserved 1048576K
GC Heap History (20 events):
Event: 7.927 GC heap after
{Heap after GC invocations=23 (full 0):
 garbage-first heap   total 155648K, used 86469K [0x000000008a600000, 0x0000000100000000)
  region size 1024K, 4 young (4096K), 4 survivors (4096K)
 Metaspace       used 67628K, committed 67904K, reserved 1114112K
  class space    used 7616K, committed 7744K, reserved 1048576K
}
Event: 7.963 GC heap before
{Heap before GC invocations=23 (full 0):
 garbage-first heap   total 155648K, used 89541K [0x000000008a600000, 0x0000000100000000)
  region size 1024K, 7 young (7168K), 4 survivors (4096K)
 Metaspace       used 67644K, committed 67904K, reserved 1114112K
  class space    used 7616K, committed 7744K, reserved 1048576K
}
Event: 7.967 GC heap after
{Heap after GC invocations=24 (full 0):
 garbage-first heap   total 155648K, used 86465K [0x000000008a600000, 0x0000000100000000)
  region size 1024K, 1 young (1024K), 1 survivors (1024K)
 Metaspace       used 67644K, committed 67904K, reserved 1114112K
  class space    used 7616K, committed 7744K, reserved 1048576K
}
Event: 8.432 GC heap before
{Heap before GC invocations=24 (full 0):
 garbage-first heap   total 155648K, used 126401K [0x000000008a600000, 0x0000000100000000)
  region size 1024K, 40 young (40960K), 1 survivors (1024K)
 Metaspace       used 68174K, committed 68480K, reserved 1114112K
  class space    used 7656K, committed 7808K, reserved 1048576K
}
Event: 8.437 GC heap after
{Heap after GC invocations=25 (full 0):
 garbage-first heap   total 200704K, used 88793K [0x000000008a600000, 0x0000000100000000)
  region size 1024K, 3 young (3072K), 3 survivors (3072K)
 Metaspace       used 68174K, committed 68480K, reserved 1114112K
  class space    used 7656K, committed 7808K, reserved 1048576K
}
Event: 9.302 GC heap before
{Heap before GC invocations=26 (full 0):
 garbage-first heap   total 200704K, used 160473K [0x000000008a600000, 0x0000000100000000)
  region size 1024K, 73 young (74752K), 3 survivors (3072K)
 Metaspace       used 74529K, committed 74880K, reserved 1122304K
  class space    used 8262K, committed 8384K, reserved 1048576K
}
Event: 9.311 GC heap after
{Heap after GC invocations=27 (full 0):
 garbage-first heap   total 200704K, used 93645K [0x000000008a600000, 0x0000000100000000)
  region size 1024K, 8 young (8192K), 8 survivors (8192K)
 Metaspace       used 74529K, committed 74880K, reserved 1122304K
  class space    used 8262K, committed 8384K, reserved 1048576K
}
Event: 9.331 GC heap before
{Heap before GC invocations=27 (full 0):
 garbage-first heap   total 200704K, used 93645K [0x000000008a600000, 0x0000000100000000)
  region size 1024K, 9 young (9216K), 8 survivors (8192K)
 Metaspace       used 74566K, committed 74880K, reserved 1122304K
  class space    used 8266K, committed 8384K, reserved 1048576K
}
Event: 9.338 GC heap after
{Heap after GC invocations=28 (full 0):
 garbage-first heap   total 200704K, used 93898K [0x000000008a600000, 0x0000000100000000)
  region size 1024K, 1 young (1024K), 1 survivors (1024K)
 Metaspace       used 74566K, committed 74880K, reserved 1122304K
  class space    used 8266K, committed 8384K, reserved 1048576K
}
Event: 9.990 GC heap before
{Heap before GC invocations=28 (full 0):
 garbage-first heap   total 200704K, used 163530K [0x000000008a600000, 0x0000000100000000)
  region size 1024K, 69 young (70656K), 1 survivors (1024K)
 Metaspace       used 77168K, committed 77504K, reserved 1122304K
  class space    used 8552K, committed 8704K, reserved 1048576K
}
Event: 9.998 GC heap after
{Heap after GC invocations=29 (full 0):
 garbage-first heap   total 200704K, used 105773K [0x000000008a600000, 0x0000000100000000)
  region size 1024K, 9 young (9216K), 9 survivors (9216K)
 Metaspace       used 77168K, committed 77504K, reserved 1122304K
  class space    used 8552K, committed 8704K, reserved 1048576K
}
Event: 10.445 GC heap before
{Heap before GC invocations=29 (full 0):
 garbage-first heap   total 200704K, used 161069K [0x000000008a600000, 0x0000000100000000)
  region size 1024K, 63 young (64512K), 9 survivors (9216K)
 Metaspace       used 77582K, committed 77888K, reserved 1122304K
  class space    used 8572K, committed 8704K, reserved 1048576K
}
Event: 10.464 GC heap after
{Heap after GC invocations=30 (full 0):
 garbage-first heap   total 200704K, used 123626K [0x000000008a600000, 0x0000000100000000)
  region size 1024K, 8 young (8192K), 8 survivors (8192K)
 Metaspace       used 77582K, committed 77888K, reserved 1122304K
  class space    used 8572K, committed 8704K, reserved 1048576K
}
Event: 10.743 GC heap before
{Heap before GC invocations=30 (full 0):
 garbage-first heap   total 200704K, used 156394K [0x000000008a600000, 0x0000000100000000)
  region size 1024K, 40 young (40960K), 8 survivors (8192K)
 Metaspace       used 77914K, committed 78208K, reserved 1122304K
  class space    used 8591K, committed 8704K, reserved 1048576K
}
Event: 10.757 GC heap after
{Heap after GC invocations=31 (full 0):
 garbage-first heap   total 200704K, used 135680K [0x000000008a600000, 0x0000000100000000)
  region size 1024K, 5 young (5120K), 5 survivors (5120K)
 Metaspace       used 77914K, committed 78208K, reserved 1122304K
  class space    used 8591K, committed 8704K, reserved 1048576K
}
Event: 10.985 GC heap before
{Heap before GC invocations=32 (full 0):
 garbage-first heap   total 237568K, used 160256K [0x000000008a600000, 0x0000000100000000)
  region size 1024K, 29 young (29696K), 5 survivors (5120K)
 Metaspace       used 78620K, committed 78976K, reserved 1122304K
  class space    used 8654K, committed 8832K, reserved 1048576K
}
Event: 10.992 GC heap after
{Heap after GC invocations=33 (full 0):
 garbage-first heap   total 237568K, used 140009K [0x000000008a600000, 0x0000000100000000)
  region size 1024K, 4 young (4096K), 4 survivors (4096K)
 Metaspace       used 78620K, committed 78976K, reserved 1122304K
  class space    used 8654K, committed 8832K, reserved 1048576K
}
Event: 11.047 GC heap before
{Heap before GC invocations=33 (full 0):
 garbage-first heap   total 237568K, used 147177K [0x000000008a600000, 0x0000000100000000)
  region size 1024K, 11 young (11264K), 4 survivors (4096K)
 Metaspace       used 78757K, committed 79104K, reserved 1122304K
  class space    used 8656K, committed 8832K, reserved 1048576K
}
Event: 11.052 GC heap after
{Heap after GC invocations=34 (full 0):
 garbage-first heap   total 237568K, used 140764K [0x000000008a600000, 0x0000000100000000)
  region size 1024K, 1 young (1024K), 1 survivors (1024K)
 Metaspace       used 78757K, committed 79104K, reserved 1122304K
  class space    used 8656K, committed 8832K, reserved 1048576K
}
Event: 11.504 GC heap before
{Heap before GC invocations=34 (full 0):
 garbage-first heap   total 237568K, used 182748K [0x000000008a600000, 0x0000000100000000)
  region size 1024K, 42 young (43008K), 1 survivors (1024K)
 Metaspace       used 84695K, committed 85056K, reserved 1130496K
  class space    used 9318K, committed 9472K, reserved 1048576K
}

